<?xml version="1.0" encoding="UTF-8"?>
<coverage generated="1596772011229" clover="3.2.0">
  <project timestamp="1596772011229" name="All files">
    <metrics statements="56" coveredstatements="56" conditionals="25" coveredconditionals="21" methods="7" coveredmethods="7" elements="88" coveredelements="84" complexity="0" loc="56" ncloc="56" packages="1" files="3" classes="3"/>
    <file name="TwitterButton.js" path="/Users/kaka369/Documents/workspace/Kaka/react-twitter-button/src/TwitterButton.js">
      <metrics statements="42" coveredstatements="42" conditionals="25" coveredconditionals="21" methods="7" coveredmethods="7"/>
      <line num="19" count="1" type="stmt"/>
      <line num="21" count="22" type="cond" truecount="2" falsecount="0"/>
      <line num="23" count="1" type="stmt"/>
      <line num="24" count="1" type="stmt"/>
      <line num="27" count="21" type="stmt"/>
      <line num="29" count="21" type="stmt"/>
      <line num="31" count="21" type="stmt"/>
      <line num="34" count="21" type="cond" truecount="1" falsecount="1"/>
      <line num="35" count="21" type="stmt"/>
      <line num="38" count="21" type="cond" truecount="2" falsecount="0"/>
      <line num="39" count="3" type="stmt"/>
      <line num="42" count="18" type="cond" truecount="2" falsecount="0"/>
      <line num="43" count="1" type="stmt"/>
      <line num="46" count="17" type="stmt"/>
      <line num="49" count="21" type="stmt"/>
      <line num="51" count="21" type="cond" truecount="11" falsecount="0"/>
      <line num="53" count="1" type="stmt"/>
      <line num="55" count="1" type="stmt"/>
      <line num="57" count="1" type="stmt"/>
      <line num="59" count="1" type="stmt"/>
      <line num="61" count="1" type="stmt"/>
      <line num="63" count="1" type="stmt"/>
      <line num="65" count="1" type="stmt"/>
      <line num="67" count="1" type="stmt"/>
      <line num="69" count="1" type="stmt"/>
      <line num="71" count="1" type="stmt"/>
      <line num="73" count="11" type="stmt"/>
      <line num="77" count="21" type="stmt"/>
      <line num="78" count="3" type="cond" truecount="1" falsecount="1"/>
      <line num="79" count="3" type="stmt"/>
      <line num="83" count="21" type="stmt"/>
      <line num="84" count="2" type="cond" truecount="1" falsecount="1"/>
      <line num="85" count="2" type="stmt"/>
      <line num="89" count="21" type="stmt"/>
      <line num="90" count="1" type="cond" truecount="1" falsecount="1"/>
      <line num="91" count="1" type="stmt"/>
      <line num="95" count="21" type="stmt"/>
      <line num="96" count="21" type="stmt"/>
      <line num="98" count="21" type="stmt"/>
      <line num="109" count="1" type="stmt"/>
      <line num="121" count="1" type="stmt"/>
      <line num="127" count="1" type="stmt"/>
    </file>
    <file name="index.js" path="/Users/kaka369/Documents/workspace/Kaka/react-twitter-button/src/index.js">
      <metrics statements="0" coveredstatements="0" conditionals="0" coveredconditionals="0" methods="0" coveredmethods="0"/>
    </file>
    <file name="style.js" path="/Users/kaka369/Documents/workspace/Kaka/react-twitter-button/src/style.js">
      <metrics statements="14" coveredstatements="14" conditionals="0" coveredconditionals="0" methods="0" coveredmethods="0"/>
      <line num="1" count="1" type="stmt"/>
      <line num="19" count="1" type="stmt"/>
      <line num="30" count="1" type="stmt"/>
      <line num="39" count="1" type="stmt"/>
      <line num="44" count="1" type="stmt"/>
      <line num="53" count="1" type="stmt"/>
      <line num="58" count="1" type="stmt"/>
      <line num="65" count="1" type="stmt"/>
      <line num="73" count="1" type="stmt"/>
      <line num="81" count="1" type="stmt"/>
      <line num="89" count="1" type="stmt"/>
      <line num="97" count="1" type="stmt"/>
      <line num="102" count="1" type="stmt"/>
      <line num="109" count="1" type="stmt"/>
    </file>
  </project>
</coverage>
