{"/Users/kaka369/Documents/workspace/Kaka/react-twitter-button/src/TwitterButton.js": {"path":"/Users/kaka369/Documents/workspace/Kaka/react-twitter-button/src/TwitterButton.js","statementMap":{"0":{"start":{"line":19,"column":29},"end":{"line":107,"column":1}},"1":{"start":{"line":21,"column":4},"end":{"line":25,"column":5}},"2":{"start":{"line":23,"column":8},"end":{"line":23,"column":38}},"3":{"start":{"line":24,"column":8},"end":{"line":24,"column":21}},"4":{"start":{"line":27,"column":17},"end":{"line":27,"column":72}},"5":{"start":{"line":29,"column":35},"end":{"line":29,"column":50}},"6":{"start":{"line":31,"column":24},"end":{"line":47,"column":5}},"7":{"start":{"line":34,"column":8},"end":{"line":36,"column":9}},"8":{"start":{"line":35,"column":12},"end":{"line":35,"column":69}},"9":{"start":{"line":38,"column":8},"end":{"line":40,"column":9}},"10":{"start":{"line":39,"column":12},"end":{"line":39,"column":66}},"11":{"start":{"line":42,"column":8},"end":{"line":44,"column":9}},"12":{"start":{"line":43,"column":12},"end":{"line":43,"column":69}},"13":{"start":{"line":46,"column":8},"end":{"line":46,"column":47}},"14":{"start":{"line":49,"column":28},"end":{"line":75,"column":5}},"15":{"start":{"line":51,"column":8},"end":{"line":74,"column":9}},"16":{"start":{"line":53,"column":16},"end":{"line":53,"column":37}},"17":{"start":{"line":55,"column":16},"end":{"line":55,"column":41}},"18":{"start":{"line":57,"column":16},"end":{"line":57,"column":43}},"19":{"start":{"line":59,"column":16},"end":{"line":59,"column":41}},"20":{"start":{"line":61,"column":16},"end":{"line":61,"column":42}},"21":{"start":{"line":63,"column":16},"end":{"line":63,"column":42}},"22":{"start":{"line":65,"column":16},"end":{"line":65,"column":43}},"23":{"start":{"line":67,"column":16},"end":{"line":67,"column":44}},"24":{"start":{"line":69,"column":16},"end":{"line":69,"column":43}},"25":{"start":{"line":71,"column":16},"end":{"line":71,"column":43}},"26":{"start":{"line":73,"column":16},"end":{"line":73,"column":33}},"27":{"start":{"line":77,"column":22},"end":{"line":81,"column":5}},"28":{"start":{"line":78,"column":8},"end":{"line":80,"column":9}},"29":{"start":{"line":79,"column":12},"end":{"line":79,"column":31}},"30":{"start":{"line":83,"column":21},"end":{"line":87,"column":5}},"31":{"start":{"line":84,"column":8},"end":{"line":86,"column":9}},"32":{"start":{"line":85,"column":12},"end":{"line":85,"column":32}},"33":{"start":{"line":89,"column":18},"end":{"line":93,"column":5}},"34":{"start":{"line":90,"column":8},"end":{"line":92,"column":9}},"35":{"start":{"line":91,"column":12},"end":{"line":91,"column":29}},"36":{"start":{"line":95,"column":15},"end":{"line":95,"column":26}},"37":{"start":{"line":96,"column":16},"end":{"line":96,"column":28}},"38":{"start":{"line":98,"column":4},"end":{"line":106,"column":5}},"39":{"start":{"line":109,"column":0},"end":{"line":119,"column":2}},"40":{"start":{"line":121,"column":0},"end":{"line":130,"column":2}},"41":{"start":{"line":127,"column":12},"end":{"line":127,"column":30}}},"fnMap":{"0":{"name":"(anonymous_0)","decl":{"start":{"line":19,"column":29},"end":{"line":19,"column":30}},"loc":{"start":{"line":19,"column":40},"end":{"line":107,"column":1}},"line":19},"1":{"name":"(anonymous_1)","decl":{"start":{"line":31,"column":24},"end":{"line":31,"column":25}},"loc":{"start":{"line":31,"column":40},"end":{"line":47,"column":5}},"line":31},"2":{"name":"(anonymous_2)","decl":{"start":{"line":49,"column":28},"end":{"line":49,"column":29}},"loc":{"start":{"line":49,"column":34},"end":{"line":75,"column":5}},"line":49},"3":{"name":"(anonymous_3)","decl":{"start":{"line":77,"column":22},"end":{"line":77,"column":23}},"loc":{"start":{"line":77,"column":28},"end":{"line":81,"column":5}},"line":77},"4":{"name":"(anonymous_4)","decl":{"start":{"line":83,"column":21},"end":{"line":83,"column":22}},"loc":{"start":{"line":83,"column":27},"end":{"line":87,"column":5}},"line":83},"5":{"name":"(anonymous_5)","decl":{"start":{"line":89,"column":18},"end":{"line":89,"column":19}},"loc":{"start":{"line":89,"column":24},"end":{"line":93,"column":5}},"line":89},"6":{"name":"(anonymous_6)","decl":{"start":{"line":126,"column":17},"end":{"line":126,"column":18}},"loc":{"start":{"line":126,"column":23},"end":{"line":128,"column":9}},"line":126}},"branchMap":{"0":{"loc":{"start":{"line":21,"column":4},"end":{"line":25,"column":5}},"type":"if","locations":[{"start":{"line":21,"column":4},"end":{"line":25,"column":5}},{"start":{"line":21,"column":4},"end":{"line":25,"column":5}}],"line":21},"1":{"loc":{"start":{"line":34,"column":8},"end":{"line":36,"column":9}},"type":"if","locations":[{"start":{"line":34,"column":8},"end":{"line":36,"column":9}},{"start":{"line":34,"column":8},"end":{"line":36,"column":9}}],"line":34},"2":{"loc":{"start":{"line":38,"column":8},"end":{"line":40,"column":9}},"type":"if","locations":[{"start":{"line":38,"column":8},"end":{"line":40,"column":9}},{"start":{"line":38,"column":8},"end":{"line":40,"column":9}}],"line":38},"3":{"loc":{"start":{"line":42,"column":8},"end":{"line":44,"column":9}},"type":"if","locations":[{"start":{"line":42,"column":8},"end":{"line":44,"column":9}},{"start":{"line":42,"column":8},"end":{"line":44,"column":9}}],"line":42},"4":{"loc":{"start":{"line":51,"column":8},"end":{"line":74,"column":9}},"type":"switch","locations":[{"start":{"line":52,"column":12},"end":{"line":53,"column":37}},{"start":{"line":54,"column":12},"end":{"line":55,"column":41}},{"start":{"line":56,"column":12},"end":{"line":57,"column":43}},{"start":{"line":58,"column":12},"end":{"line":59,"column":41}},{"start":{"line":60,"column":12},"end":{"line":61,"column":42}},{"start":{"line":62,"column":12},"end":{"line":63,"column":42}},{"start":{"line":64,"column":12},"end":{"line":65,"column":43}},{"start":{"line":66,"column":12},"end":{"line":67,"column":44}},{"start":{"line":68,"column":12},"end":{"line":69,"column":43}},{"start":{"line":70,"column":12},"end":{"line":71,"column":43}},{"start":{"line":72,"column":12},"end":{"line":73,"column":33}}],"line":51},"5":{"loc":{"start":{"line":78,"column":8},"end":{"line":80,"column":9}},"type":"if","locations":[{"start":{"line":78,"column":8},"end":{"line":80,"column":9}},{"start":{"line":78,"column":8},"end":{"line":80,"column":9}}],"line":78},"6":{"loc":{"start":{"line":84,"column":8},"end":{"line":86,"column":9}},"type":"if","locations":[{"start":{"line":84,"column":8},"end":{"line":86,"column":9}},{"start":{"line":84,"column":8},"end":{"line":86,"column":9}}],"line":84},"7":{"loc":{"start":{"line":90,"column":8},"end":{"line":92,"column":9}},"type":"if","locations":[{"start":{"line":90,"column":8},"end":{"line":92,"column":9}},{"start":{"line":90,"column":8},"end":{"line":92,"column":9}}],"line":90}},"s":{"0":1,"1":22,"2":1,"3":1,"4":21,"5":21,"6":21,"7":21,"8":21,"9":21,"10":3,"11":18,"12":1,"13":17,"14":21,"15":21,"16":1,"17":1,"18":1,"19":1,"20":1,"21":1,"22":1,"23":1,"24":1,"25":1,"26":11,"27":21,"28":3,"29":3,"30":21,"31":2,"32":2,"33":21,"34":1,"35":1,"36":21,"37":21,"38":21,"39":1,"40":1,"41":1},"f":{"0":22,"1":21,"2":21,"3":3,"4":2,"5":1,"6":1},"b":{"0":[1,21],"1":[21,0],"2":[3,18],"3":[1,17],"4":[1,1,1,1,1,1,1,1,1,1,11],"5":[3,0],"6":[2,0],"7":[1,0]},"_coverageSchema":"1a1c01bbd47fc00a2c39e90264f33305004495a9","hash":"259140bb553713d65ffb914be797ed208c118344"}
,"/Users/kaka369/Documents/workspace/Kaka/react-twitter-button/src/index.js": {"path":"/Users/kaka369/Documents/workspace/Kaka/react-twitter-button/src/index.js","statementMap":{},"fnMap":{},"branchMap":{},"s":{},"f":{},"b":{},"_coverageSchema":"1a1c01bbd47fc00a2c39e90264f33305004495a9","hash":"218d912a210c6e4a6ff46771b7d8459698ec730d"}
,"/Users/kaka369/Documents/workspace/Kaka/react-twitter-button/src/style.js": {"path":"/Users/kaka369/Documents/workspace/Kaka/react-twitter-button/src/style.js","statementMap":{"0":{"start":{"line":1,"column":28},"end":{"line":17,"column":1}},"1":{"start":{"line":19,"column":25},"end":{"line":28,"column":1}},"2":{"start":{"line":30,"column":29},"end":{"line":37,"column":1}},"3":{"start":{"line":39,"column":35},"end":{"line":42,"column":1}},"4":{"start":{"line":44,"column":33},"end":{"line":51,"column":1}},"5":{"start":{"line":53,"column":33},"end":{"line":56,"column":1}},"6":{"start":{"line":58,"column":34},"end":{"line":63,"column":1}},"7":{"start":{"line":65,"column":34},"end":{"line":71,"column":1}},"8":{"start":{"line":73,"column":35},"end":{"line":79,"column":1}},"9":{"start":{"line":81,"column":36},"end":{"line":87,"column":1}},"10":{"start":{"line":89,"column":35},"end":{"line":95,"column":1}},"11":{"start":{"line":97,"column":35},"end":{"line":100,"column":1}},"12":{"start":{"line":102,"column":33},"end":{"line":107,"column":1}},"13":{"start":{"line":109,"column":29},"end":{"line":113,"column":1}}},"fnMap":{},"branchMap":{},"s":{"0":1,"1":1,"2":1,"3":1,"4":1,"5":1,"6":1,"7":1,"8":1,"9":1,"10":1,"11":1,"12":1,"13":1},"f":{},"b":{},"_coverageSchema":"1a1c01bbd47fc00a2c39e90264f33305004495a9","hash":"4e722f7b8b55cc7a7c48f58bdebfe90752b03c70"}
}
