TN:
SF:src/TwitterButton.js
FN:19,(anonymous_0)
FN:31,(anonymous_1)
FN:49,(anonymous_2)
FN:77,(anonymous_3)
FN:83,(anonymous_4)
FN:89,(anonymous_5)
FN:126,(anonymous_6)
FNF:7
FNH:7
FNDA:22,(anonymous_0)
FNDA:21,(anonymous_1)
FNDA:21,(anonymous_2)
FNDA:3,(anonymous_3)
FNDA:2,(anonymous_4)
FNDA:1,(anonymous_5)
FNDA:1,(anonymous_6)
DA:19,1
DA:21,22
DA:23,1
DA:24,1
DA:27,21
DA:29,21
DA:31,21
DA:34,21
DA:35,21
DA:38,21
DA:39,3
DA:42,18
DA:43,1
DA:46,17
DA:49,21
DA:51,21
DA:53,1
DA:55,1
DA:57,1
DA:59,1
DA:61,1
DA:63,1
DA:65,1
DA:67,1
DA:69,1
DA:71,1
DA:73,11
DA:77,21
DA:78,3
DA:79,3
DA:83,21
DA:84,2
DA:85,2
DA:89,21
DA:90,1
DA:91,1
DA:95,21
DA:96,21
DA:98,21
DA:109,1
DA:121,1
DA:127,1
LF:42
LH:42
BRDA:21,0,0,1
BRDA:21,0,1,21
BRDA:34,1,0,21
BRDA:34,1,1,0
BRDA:38,2,0,3
BRDA:38,2,1,18
BRDA:42,3,0,1
BRDA:42,3,1,17
BRDA:51,4,0,1
BRDA:51,4,1,1
BRDA:51,4,2,1
BRDA:51,4,3,1
BRDA:51,4,4,1
BRDA:51,4,5,1
BRDA:51,4,6,1
BRDA:51,4,7,1
BRDA:51,4,8,1
BRDA:51,4,9,1
BRDA:51,4,10,11
BRDA:78,5,0,3
BRDA:78,5,1,0
BRDA:84,6,0,2
BRDA:84,6,1,0
BRDA:90,7,0,1
BRDA:90,7,1,0
BRF:25
BRH:21
end_of_record
TN:
SF:src/index.js
FNF:0
FNH:0
LF:0
LH:0
BRF:0
BRH:0
end_of_record
TN:
SF:src/style.js
FNF:0
FNH:0
DA:1,1
DA:19,1
DA:30,1
DA:39,1
DA:44,1
DA:53,1
DA:58,1
DA:65,1
DA:73,1
DA:81,1
DA:89,1
DA:97,1
DA:102,1
DA:109,1
LF:14
LH:14
BRF:0
BRH:0
end_of_record
